This is pdfTeX, Version 3.141592653-2.6-1.40.22 (TeX Live 2022/dev/Debian) (preloaded format=pdflatex 2024.4.30)  30 APR 2024 11:19
entering extended mode
 restricted \write18 enabled.
 %&-line parsing enabled.
**"protocole https.tex"
(./protocole https.tex
LaTeX2e <2021-11-15> patch level 1
L3 programming layer <2022-01-21>
! Undefined control sequence.
l.1 \dev
        {Daphné Kany}{NSI Tle}
The control sequence at the end of the top line
of your error message was never \def'ed. If you have
misspelled it (e.g., `\hobx'), type `I' and the correct
spelling (e.g., `I\hbox'). Otherwise just continue,
and I'll forget about whatever was undefined.


! LaTeX Error: Missing \begin{document}.

See the LaTeX manual or LaTeX Companion for explanation.
Type  H <return>  for immediate help.
 ...                                              
                                                  
l.1 \dev{D
          aphné Kany}{NSI Tle}
You're in trouble here.  Try typing  <return>  to proceed.
If that doesn't work, type  X <return>  to quit.

Missing character: There is no D in font nullfont!
Missing character: There is no a in font nullfont!
Missing character: There is no p in font nullfont!
Missing character: There is no h in font nullfont!
Missing character: There is no n in font nullfont!
LaTeX Font Info:    Trying to load font information for +cmr on input line 1.
LaTeX Font Info:    No file cmr.fd. on input line 1.

LaTeX Font Warning: Font shape `/cmr/m/n' undefined
(Font)              using `/cmr/m/n' instead on input line 1.

! Corrupted NFSS tables.
wrong@fontshape ...message {Corrupted NFSS tables}
                                                  error@fontshape else let f...
l.1 \dev{Daphné
                 Kany}{NSI Tle}
This error message was generated by an \errmessage
command, so I can't give any explicit help.
Pretend that you're Hercule Poirot: Examine all clues,
and deduce the truth by order and method.


LaTeX Font Warning: Font shape `/cmr/m/n' undefined
(Font)              using `OT1/cmr/m/n' instead on input line 1.

Missing character: There is no K in font nullfont!
Missing character: There is no a in font nullfont!
Missing character: There is no n in font nullfont!
Missing character: There is no y in font nullfont!
Missing character: There is no N in font nullfont!
Missing character: There is no S in font nullfont!
Missing character: There is no I in font nullfont!
Missing character: There is no T in font nullfont!
Missing character: There is no l in font nullfont!
Missing character: There is no e in font nullfont!

Overfull \hbox (29.44446pt too wide) in paragraph at lines 1--2
[]\/cmr/m/n/10 ^^Se
 []


! LaTeX Error: Missing \begin{document}.

See the LaTeX manual or LaTeX Companion for explanation.
Type  H <return>  for immediate help.
 ...                                              
                                                  
l.3 ...çon on présente le S du protocole HTTPS.}
                                                  
You're in trouble here.  Try typing  <return>  to proceed.
If that doesn't work, type  X <return>  to quit.


Overfull \hbox (42.37209pt too wide) in paragraph at lines 3--4
[]\OT1/cmr/m/it/10 Dans
 []


Overfull \hbox (19.93314pt too wide) in paragraph at lines 3--4
\OT1/cmr/m/it/10 cette
 []


Overfull \hbox (22.48874pt too wide) in paragraph at lines 3--4
\OT1/cmr/m/it/10 le^^Xcon
 []


Overfull \hbox (10.73328pt too wide) in paragraph at lines 3--4
\OT1/cmr/m/it/10 on
 []


Overfull \hbox (36.16084pt too wide) in paragraph at lines 3--4
\OT1/cmr/m/it/10 pr^^Sesente
 []


Overfull \hbox (7.1555pt too wide) in paragraph at lines 3--4
\OT1/cmr/m/it/10 le
 []


Overfull \hbox (5.6222pt too wide) in paragraph at lines 3--4
\OT1/cmr/m/it/10 S
 []


Overfull \hbox (10.47772pt too wide) in paragraph at lines 3--4
\OT1/cmr/m/it/10 du
 []


Overfull \hbox (17.50542pt too wide) in paragraph at lines 3--4
\OT1/cmr/m/it/10 pro-
 []


Overfull \hbox (12.01102pt too wide) in paragraph at lines 3--4
\OT1/cmr/m/it/10 to-
 []


Overfull \hbox (16.35542pt too wide) in paragraph at lines 3--4
\OT1/cmr/m/it/10 cole
 []


Overfull \hbox (37.21643pt too wide) in paragraph at lines 3--4
\OT1/cmr/m/it/10 HTTPS. 
 []

)
! Emergency stop.
<*> "protocole https.tex"
                         
*** (job aborted, no legal \end found)

 
Here is how much of TeX's memory you used:
 31 strings out of 478287
 555 string characters out of 5849289
 289006 words of memory out of 5000000
 18326 multiletter control sequences out of 15000+600000
 469605 words of font info for 29 fonts, out of 8000000 for 9000
 1141 hyphenation exceptions out of 8191
 23i,1n,32p,118b,93s stack positions out of 5000i,500n,10000p,200000b,80000s
!  ==> Fatal error occurred, no output PDF file produced!
